#
# There is insufficient memory for the Java Runtime Environment to continue.
# Native memory allocation (mmap) failed to map 255852544 bytes. Error detail: G1 virtual space
# Possible reasons:
#   The system is out of physical RAM or swap space
#   This process is running with CompressedOops enabled, and the Java Heap may be blocking the growth of the native heap
# Possible solutions:
#   Reduce memory load on the system
#   Increase physical memory or swap space
#   Check if swap backing store is full
#   Decrease Java heap size (-Xmx/-Xms)
#   Decrease number of Java threads
#   Decrease Java thread stack sizes (-Xss)
#   Set larger code cache with -XX:ReservedCodeCacheSize=
#   JVM is running with Zero Based Compressed Oops mode in which the Java heap is
#     placed in the first 32GB address space. The Java Heap base address is the
#     maximum limit for the native heap growth. Please use -XX:HeapBaseMinAddress
#     to set the Java Heap base and to place the Java Heap above 32GB virtual address.
# This output file may be truncated or incomplete.
#
#  Out of Memory Error (os_windows.cpp:3925), pid=9020, tid=5260
#
# JRE version:  (21.0.9+1) (build )
# Java VM: OpenJDK 64-Bit Server VM (21.0.9+1-b1163.86, mixed mode, sharing, tiered, compressed oops, compressed class ptrs, g1 gc, windows-amd64)
# No core dump will be written. Minidumps are not enabled by default on client versions of Windows
#

---------------  S U M M A R Y ------------

Command Line: git4idea.http.GitAskPassApp Username for 'https://github.com': 

Host: AMD Ryzen 7 8700G w/ Radeon 780M Graphics      , 16 cores, 15G,  Windows 11 , 64 bit Build 26100 (10.0.26100.7309)
Time: Tue Jan  6 16:02:36 2026 elapsed time: 1.133093 seconds (0d 0h 0m 1s)

---------------  T H R E A D  ---------------

Current thread (0x0000016e0554f800):  JavaThread "Unknown thread" [_thread_in_vm, id=5260, stack(0x0000006df6e00000,0x0000006df6f00000) (1024K)]

Stack: [0x0000006df6e00000,0x0000006df6f00000]
Native frames: (J=compiled Java code, j=interpreted, Vv=VM code, C=native code)
V  [jvm.dll+0x6ec339]
V  [jvm.dll+0x8cc463]
V  [jvm.dll+0x8cea7e]
V  [jvm.dll+0x8cf163]
V  [jvm.dll+0x28b006]
V  [jvm.dll+0x6e8b15]
V  [jvm.dll+0x6dc1aa]
V  [jvm.dll+0x366a7b]
V  [jvm.dll+0x36e666]
V  [jvm.dll+0x3c0bd6]
V  [jvm.dll+0x3c0ea8]
V  [jvm.dll+0x33922c]
V  [jvm.dll+0x339f1b]
V  [jvm.dll+0x893b29]
V  [jvm.dll+0x3cdda8]
V  [jvm.dll+0x87ca68]
V  [jvm.dll+0x462a4e]
V  [jvm.dll+0x464731]
C  [jli.dll+0x52ab]
C  [ucrtbase.dll+0x37b0]
C  [KERNEL32.DLL+0x2e8d7]
C  [ntdll.dll+0x8c53c]


---------------  P R O C E S S  ---------------

Threads class SMR info:
_java_thread_list=0x00007ff95f2952c8, length=0, elements={
}

Java Threads: ( => current thread )
Total: 0

Other Threads:
  0x0000016e031413e0 WorkerThread "GC Thread#0"                     [id=27640, stack(0x0000006df6f00000,0x0000006df7000000) (1024K)]
  0x0000016e055c1130 ConcurrentGCThread "G1 Main Marker"            [id=17188, stack(0x0000006df7000000,0x0000006df7100000) (1024K)]
  0x0000016e03140900 WorkerThread "G1 Conc#0"                       [id=26684, stack(0x0000006df7100000,0x0000006df7200000) (1024K)]

[error occurred during error reporting (printing all threads), id 0xc0000005, EXCEPTION_ACCESS_VIOLATION (0xc0000005) at pc=0x00007ff95e97c287]
VM state: not at safepoint (not fully initialized)

VM Mutex/Monitor currently owned by a thread:  ([mutex/lock_event])
[0x00007ff95f309e30] Heap_lock - owner thread: 0x0000016e0554f800

Heap address: 0x000000070d600000, size: 3882 MB, Compressed Oops mode: Zero based, Oop shift amount: 3

CDS archive(s) mapped at: [0x0000000000000000-0x0000000000000000-0x0000000000000000), size 0, SharedBaseAddress: 0x0000000800000000, ArchiveRelocationMode: 1.
Narrow klass base: 0x0000000000000000, Narrow klass shift: 0, Narrow klass range: 0x0

GC Precious Log:
 CardTable entry size: 512
 Card Set container configuration: InlinePtr #cards 4 size 8 Array Of Cards #cards 16 size 48 Howl #buckets 8 coarsen threshold 3686 Howl Bitmap #cards 512 size 80 coarsen threshold 460 Card regions per heap region 1 cards per card region 4096

Heap:
 garbage-first heap   total 0K, used 0K [0x000000070d600000, 0x0000000800000000)
  region size 2048K, 0 young (0K), 0 survivors (0K)
 Metaspace       used 0K, committed 0K, reserved 0K
  class space    used 0K, committed 0K, reserved 0K

Heap Regions: E=young(eden), S=young(survivor), O=old, HS=humongous(starts), HC=humongous(continues), CS=collection set, F=free, TAMS=top-at-mark-start, PB=parsable bottom

Card table byte_map: [0x0000016e195c0000,0x0000016e19d60000] _byte_map_base: 0x0000016e15d55000

Marking Bits: (CMBitMap*) 0x0000016e055b0740
 Bits: [0x0000016e19d60000, 0x0000016e1da08000)

GC Heap History (0 events):
No events

Dll operation events (1 events):
Event: 0.067 Loaded shared library D:\Program Files\JetBrains\PyCharm 2025.3.1\jbr\bin\java.dll

Deoptimization events (0 events):
No events

Classes loaded (0 events):
No events

Classes unloaded (0 events):
No events

Classes redefined (0 events):
No events

Internal exceptions (0 events):
No events

ZGC Phase Switch (0 events):
No events

VM Operations (0 events):
No events

Memory protections (0 events):
No events

Nmethod flushes (0 events):
No events

Events (0 events):
No events


Dynamic libraries:
0x00007ff650630000 - 0x00007ff65063a000 	D:\Program Files\JetBrains\PyCharm 2025.3.1\jbr\bin\java.exe
0x00007ffa047c0000 - 0x00007ffa04a27000 	C:\Windows\SYSTEM32\ntdll.dll
0x00007ffa02f70000 - 0x00007ffa03039000 	C:\Windows\System32\KERNEL32.DLL
0x00007ffa02160000 - 0x00007ffa0254f000 	C:\Windows\System32\KERNELBASE.dll
0x00007ffa02010000 - 0x00007ffa0215b000 	C:\Windows\System32\ucrtbase.dll
0x00007ff9f6f80000 - 0x00007ff9f6f9b000 	D:\Program Files\JetBrains\PyCharm 2025.3.1\jbr\bin\VCRUNTIME140.dll
0x00007ff9fc730000 - 0x00007ff9fc748000 	D:\Program Files\JetBrains\PyCharm 2025.3.1\jbr\bin\jli.dll
0x00007ffa02910000 - 0x00007ffa02ad5000 	C:\Windows\System32\USER32.dll
0x00007ff9dfa50000 - 0x00007ff9dfce3000 	C:\Windows\WinSxS\amd64_microsoft.windows.common-controls_6595b64144ccf1df_6.0.26100.7309_none_3e05feeae336a044\COMCTL32.dll
0x00007ffa01d40000 - 0x00007ffa01d67000 	C:\Windows\System32\win32u.dll
0x00007ffa03530000 - 0x00007ffa0355b000 	C:\Windows\System32\GDI32.dll
0x00007ffa03e20000 - 0x00007ffa03ec9000 	C:\Windows\System32\msvcrt.dll
0x00007ffa01d70000 - 0x00007ffa01e9c000 	C:\Windows\System32\gdi32full.dll
0x00007ffa01910000 - 0x00007ffa019b3000 	C:\Windows\System32\msvcp_win.dll
0x00007ffa025b0000 - 0x00007ffa025e1000 	C:\Windows\System32\IMM32.DLL
0x00007ff9f6fa0000 - 0x00007ff9f6fac000 	D:\Program Files\JetBrains\PyCharm 2025.3.1\jbr\bin\vcruntime140_1.dll
0x00007ff9d77d0000 - 0x00007ff9d785d000 	D:\Program Files\JetBrains\PyCharm 2025.3.1\jbr\bin\msvcp140.dll
0x00007ff95e630000 - 0x00007ff95f3fd000 	D:\Program Files\JetBrains\PyCharm 2025.3.1\jbr\bin\server\jvm.dll
0x00007ffa03f30000 - 0x00007ffa03fe4000 	C:\Windows\System32\ADVAPI32.dll
0x00007ffa03400000 - 0x00007ffa034a6000 	C:\Windows\System32\sechost.dll
0x00007ffa025f0000 - 0x00007ffa02708000 	C:\Windows\System32\RPCRT4.dll
0x00007ffa03900000 - 0x00007ffa03974000 	C:\Windows\System32\WS2_32.dll
0x00007ff9f3450000 - 0x00007ff9f345b000 	C:\Windows\SYSTEM32\VERSION.dll
0x00007ff9f6ec0000 - 0x00007ff9f6ef5000 	C:\Windows\SYSTEM32\WINMM.dll
0x00007ffa01770000 - 0x00007ffa017ce000 	C:\Windows\SYSTEM32\POWRPROF.dll
0x00007ffa01750000 - 0x00007ffa01764000 	C:\Windows\SYSTEM32\UMPDC.dll
0x00007ffa00680000 - 0x00007ffa0069b000 	C:\Windows\SYSTEM32\kernel.appcore.dll
0x00007ff9f6f20000 - 0x00007ff9f6f2a000 	D:\Program Files\JetBrains\PyCharm 2025.3.1\jbr\bin\jimage.dll
0x00007ff9f3460000 - 0x00007ff9f36a2000 	C:\Windows\SYSTEM32\DBGHELP.DLL
0x00007ffa03a80000 - 0x00007ffa03e05000 	C:\Windows\System32\combase.dll
0x00007ffa03320000 - 0x00007ffa033f6000 	C:\Windows\System32\OLEAUT32.dll
0x00007ff9ee940000 - 0x00007ff9ee97c000 	C:\Windows\SYSTEM32\dbgcore.DLL
0x00007ffa01ea0000 - 0x00007ffa01f45000 	C:\Windows\System32\bcryptPrimitives.dll
0x00007ff9f6680000 - 0x00007ff9f66a0000 	D:\Program Files\JetBrains\PyCharm 2025.3.1\jbr\bin\java.dll

JVMTI agents: none

dbghelp: loaded successfully - version: 4.0.5 - missing functions: none
symbol engine: initialized successfully - sym options: 0x614 - pdb path: .;D:\Program Files\JetBrains\PyCharm 2025.3.1\jbr\bin;C:\Windows\SYSTEM32;C:\Windows\WinSxS\amd64_microsoft.windows.common-controls_6595b64144ccf1df_6.0.26100.7309_none_3e05feeae336a044;D:\Program Files\JetBrains\PyCharm 2025.3.1\jbr\bin\server

VM Arguments:
java_command: git4idea.http.GitAskPassApp Username for 'https://github.com': 
java_class_path (initial): D:/Program Files/JetBrains/PyCharm 2025.3.1/plugins/vcs-git/lib/git4idea-rt.jar;D:/Program Files/JetBrains/PyCharm 2025.3.1/lib/externalProcess-rt.jar
Launcher Type: SUN_STANDARD

[Global flags]
     intx CICompilerCount                          = 12                                        {product} {ergonomic}
     uint ConcGCThreads                            = 3                                         {product} {ergonomic}
     uint G1ConcRefinementThreads                  = 13                                        {product} {ergonomic}
   size_t G1HeapRegionSize                         = 2097152                                   {product} {ergonomic}
    uintx GCDrainStackTargetSize                   = 64                                        {product} {ergonomic}
   size_t InitialHeapSize                          = 255852544                                 {product} {ergonomic}
   size_t MarkStackSize                            = 4194304                                   {product} {ergonomic}
   size_t MaxHeapSize                              = 4070572032                                {product} {ergonomic}
   size_t MinHeapDeltaBytes                        = 2097152                                   {product} {ergonomic}
   size_t MinHeapSize                              = 8388608                                   {product} {ergonomic}
    uintx NonNMethodCodeHeapSize                   = 7602480                                {pd product} {ergonomic}
    uintx NonProfiledCodeHeapSize                  = 122027880                              {pd product} {ergonomic}
    uintx ProfiledCodeHeapSize                     = 122027880                              {pd product} {ergonomic}
    uintx ReservedCodeCacheSize                    = 251658240                              {pd product} {ergonomic}
     bool SegmentedCodeCache                       = true                                      {product} {ergonomic}
   size_t SoftMaxHeapSize                          = 4070572032                             {manageable} {ergonomic}
     bool UseCompressedOops                        = true                           {product lp64_product} {ergonomic}
     bool UseG1GC                                  = true                                      {product} {ergonomic}
     bool UseLargePagesIndividualAllocation        = false                                  {pd product} {ergonomic}

Logging:
Log output configuration:
 #0: stdout all=warning uptime,level,tags foldmultilines=false
 #1: stderr all=off uptime,level,tags foldmultilines=false

Release file:
<release file has not been read>
Environment Variables:
JAVA_HOME=C:\Program Files\Java\jdk-24
CLASSPATH=.;C:\Program Files\Java\jdk-24\lib\dt.jar;C:\Program Files\Java\jdk-24\lib\tools.jar;
PATH=C:\Program Files\Git\mingw64\libexec\git-core;C:\Program Files\Git\mingw64\libexec\git-core;C:\Program Files\Git\mingw64\bin;C:\Program Files\Git\usr\bin;C:\Users\Administrator\bin;C:\Users\Administrator\PycharmProjects\HX\.venv\Scripts;C:\Program Files\Common Files\Oracle\Java\javapath;C:\Windows\system32;C:\Windows;C:\Windows\System32\Wbem;C:\Windows\System32\WindowsPowerShell\v1.0;C:\Windows\System32\OpenSSH;C:\Program Files\Java\jdk-24\bin;C:\Program Files\Java\jdk-24\jre\bin;C:\Program Files\Java\jdk-24\lib\dt.jar;C:\Program Files\Java\jdk-24\lib\tools.jar";C:\Program Files\Java\jdk-24\jre\bin;C:\Program Files\Git\cmd;D:\redis;D:\Program Files\Memurai;C:\Users\Administrator\AppData\Local\Programs\Python\Launcher;C:\Users\Administrator\AppData\Local\Microsoft\WindowsApps;D:\Program Files\JetBrains\PyCharm 2025.3.1\bin;JAVA_HOME;C:\Program Files\Java\jdk-24\bin;C:\Program Files\Java\jdk-24\jre\bin
USERNAME=Administrator
DISPLAY=:0.0
LC_ALL=en_US.UTF-8
TERM=xterm-256color
TMPDIR=C:\Users\Administrator\AppData\Local\Temp
OS=Windows_NT
PROCESSOR_IDENTIFIER=AMD64 Family 25 Model 117 Stepping 2, AuthenticAMD
TMP=C:\Users\Administrator\AppData\Local\Temp
TEMP=C:\Users\Administrator\AppData\Local\Temp




Periodic native trim disabled

JNI global refs:
JNI global refs: 0, weak refs: 0

JNI global refs memory usage: 0, weak refs: 0

Process memory usage:
Resident Set Size: 13256K (0% of 15900656K total physical memory with 2593844K free physical memory)

OOME stack traces (most recent first):
Classloader memory used:

---------------  S Y S T E M  ---------------

OS:
 Windows 11 , 64 bit Build 26100 (10.0.26100.7309)
OS uptime: 1 days 15:23 hours
Hyper-V role detected

CPU: total 16 (initial active 16) (16 cores per cpu, 2 threads per core) family 25 model 117 stepping 2 microcode 0xa70520a, cx8, cmov, fxsr, ht, mmx, 3dnowpref, sse, sse2, sse3, ssse3, sse4a, sse4.1, sse4.2, popcnt, lzcnt, tsc, tscinvbit, avx, avx2, aes, erms, clmul, bmi1, bmi2, adx, avx512f, avx512dq, avx512cd, avx512bw, avx512vl, sha, fma, vzeroupper, avx512_vpopcntdq, avx512_vpclmulqdq, avx512_vaes, avx512_vnni, clflush, clflushopt, avx512_vbmi2, avx512_vbmi, hv, rdtscp, rdpid, fsrm, gfni, avx512_bitalg, f16c, cet_ss, avx512_ifma
Processor Information for the first 16 processors :
  Max Mhz: 4200, Current Mhz: 4200, Mhz Limit: 4200

Memory: 4k page, system-wide physical 15527M (2533M free)
TotalPageFile size 41128M (AvailPageFile size 148M)
current process WorkingSet (physical memory assigned to process): 12M, peak: 12M
current process commit charge ("private bytes"): 70M, peak: 314M

vm_info: OpenJDK 64-Bit Server VM (21.0.9+1-b1163.86) for windows-amd64 JRE (21.0.9+1-b1163.86), built on 2025-12-02 by "builduser" with MS VC++ 16.10 / 16.11 (VS2019)

END.
