2026-01-08 13:17:09,651 DEBUG [apiautotest] [client.py] [send:29] - ======================================================
2026-01-08 13:17:09,652 DEBUG [apiautotest] [client.py] [send:30] - 接口url:https://test01-merchant.huanxin.io/api/api/admin/merchant/login
2026-01-08 13:17:09,653 DEBUG [apiautotest] [client.py] [send:31] - 接口method:post
2026-01-08 13:17:09,653 DEBUG [apiautotest] [client.py] [send:32] - 接口headers:{'authori-zation': '', 'Content-Type': 'application/json'}
2026-01-08 13:17:09,653 DEBUG [apiautotest] [client.py] [send:33] - 接口params:None
2026-01-08 13:17:09,653 DEBUG [apiautotest] [client.py] [send:34] - 接口data:None
2026-01-08 13:17:09,653 DEBUG [apiautotest] [client.py] [send:35] - 接口json:{'account': 'admin1', 'pwd': 123456}
2026-01-08 13:17:09,653 DEBUG [apiautotest] [client.py] [send:36] - 接口files:None
2026-01-08 13:17:09,822 DEBUG [apiautotest] [client.py] [send:58] - 接口响应状态码:200
2026-01-08 13:17:09,823 DEBUG [apiautotest] [client.py] [send:59] - 接口响应body:{"code":200,"message":null,"data":{"account":"admin1","realName":"测试账号","isSms":false,"leftTopLogo":"https://ceph.huanxin.io:7580/crmebimage/public/user/2025/08/20/0b6731c263094f8f8abbe408f34a7424se4jv4a75o.jpg","leftSquareLogo":"https://ceph.huanxin.io:7580/crmebimage/public/user/2025/08/19/e1bbc34364ad4ce693f5b8f1434461fbx33hc14w8s.jpg","merId":77,"merchantCompanyName":null,"centState":null,"host":null,"port":null,"wsPort":null,"username":null,"password":null,"clientId":null,"userGroup":null,"token":"merchant5486e7dcc03d4a528fcfabc094976ce0"}}
2026-01-08 13:17:09,823 INFO [apiautotest] [conftest.py] [aalogger_init:58] - 日志初始化成功
2026-01-08 13:17:09,824 DEBUG [apiautotest] [client.py] [send:29] - ======================================================
2026-01-08 13:17:09,824 DEBUG [apiautotest] [client.py] [send:30] - 接口url:https://test01-platform.huanxin.io:3443/api/api/admin/platform/login
2026-01-08 13:17:09,824 DEBUG [apiautotest] [client.py] [send:31] - 接口method:post
2026-01-08 13:17:09,824 DEBUG [apiautotest] [client.py] [send:32] - 接口headers:{'authori-zation': '', 'Content-Type': 'application/json', 'origin': 'https://test01-platform.huanxin.io:3443'}
2026-01-08 13:17:09,825 DEBUG [apiautotest] [client.py] [send:33] - 接口params:None
2026-01-08 13:17:09,825 DEBUG [apiautotest] [client.py] [send:34] - 接口data:None
2026-01-08 13:17:09,825 DEBUG [apiautotest] [client.py] [send:35] - 接口json:{'account': 'admin', 'pwd': 123456, 'key': 'c75cb14027eef222346411520938688f', 'code': '', 'captcha': {'captchaVerification': '', 'secretKey': '', 'token': ''}}
2026-01-08 13:17:09,825 DEBUG [apiautotest] [client.py] [send:36] - 接口files:None
2026-01-08 13:17:09,932 DEBUG [apiautotest] [client.py] [send:58] - 接口响应状态码:200
2026-01-08 13:17:09,932 DEBUG [apiautotest] [client.py] [send:59] - 接口响应body:{"code":200,"message":null,"data":{"account":"admin","realName":"超级管理员","isSms":false,"leftTopLogo":"https://ceph.huanxin.io:7580/crmebimage/public/user/2025/08/20/0b6731c263094f8f8abbe408f34a7424se4jv4a75o.jpg","leftSquareLogo":"https://ceph.huanxin.io:7580/crmebimage/public/user/2025/08/19/e1bbc34364ad4ce693f5b8f1434461fbx33hc14w8s.jpg","merId":0,"merchantCompanyName":null,"centState":null,"host":"test01-platform.huanxin.io","port":1888,"wsPort":4444,"username":"admin","password":"platformcf9ddf2c1d65497d87c682d9865f7165","clientId":"07221629b9e14824a8185a10e01d061a@admin","userGroup":null,"token":"platformcf9ddf2c1d65497d87c682d9865f7165"}}
2026-01-08 13:17:09,957 DEBUG [apiautotest] [client.py] [send:29] - ======================================================
2026-01-08 13:17:09,957 DEBUG [apiautotest] [client.py] [send:30] - 接口url:https://test01-platform.huanxin.io:3443/api/api/admin/platform/product/category/add
2026-01-08 13:17:09,957 DEBUG [apiautotest] [client.py] [send:31] - 接口method:post
2026-01-08 13:17:09,957 DEBUG [apiautotest] [client.py] [send:32] - 接口headers:{'authori-zation': 'platformcf9ddf2c1d65497d87c682d9865f7165', 'Content-Type': 'application/json', 'origin': 'https://test01-platform.huanxin.io:3443'}
2026-01-08 13:17:09,957 DEBUG [apiautotest] [client.py] [send:33] - 接口params:None
2026-01-08 13:17:09,957 DEBUG [apiautotest] [client.py] [send:34] - 接口data:None
2026-01-08 13:17:09,957 DEBUG [apiautotest] [client.py] [send:35] - 接口json:{'icon': '', 'name': '新增分类40975', 'pid': 0, 'sort': 0, 'type': 1, 'url': '', 'id': 0, 'extra': '', 'level': 1}
2026-01-08 13:17:09,958 DEBUG [apiautotest] [client.py] [send:36] - 接口files:None
2026-01-08 13:17:10,158 DEBUG [apiautotest] [client.py] [send:58] - 接口响应状态码:200
2026-01-08 13:17:10,159 DEBUG [apiautotest] [client.py] [send:59] - 接口响应body:{"code":200,"message":null,"data":null}
2026-01-08 13:17:10,262 DEBUG [apiautotest] [client.py] [send:29] - ======================================================
2026-01-08 13:17:10,263 DEBUG [apiautotest] [client.py] [send:30] - 接口url:https://test01-platform.huanxin.io:3443/api/api/admin/platform/product/category/add
2026-01-08 13:17:10,263 DEBUG [apiautotest] [client.py] [send:31] - 接口method:post
2026-01-08 13:17:10,263 DEBUG [apiautotest] [client.py] [send:32] - 接口headers:{'authori-zation': 'platformcf9ddf2c1d65497d87c682d9865f7165', 'Content-Type': 'application/json', 'origin': 'https://test01-platform.huanxin.io:3443'}
2026-01-08 13:17:10,263 DEBUG [apiautotest] [client.py] [send:33] - 接口params:None
2026-01-08 13:17:10,263 DEBUG [apiautotest] [client.py] [send:34] - 接口data:None
2026-01-08 13:17:10,263 DEBUG [apiautotest] [client.py] [send:35] - 接口json:{'icon': '', 'name': '新增分类75375', 'pid': 5310, 'sort': 0, 'type': 1, 'url': '', 'id': 0, 'extra': '', 'level': 2}
2026-01-08 13:17:10,263 DEBUG [apiautotest] [client.py] [send:36] - 接口files:None
2026-01-08 13:17:10,306 DEBUG [apiautotest] [client.py] [send:58] - 接口响应状态码:200
2026-01-08 13:17:10,307 DEBUG [apiautotest] [client.py] [send:59] - 接口响应body:{"code":200,"message":null,"data":null}
2026-01-08 13:17:10,312 DEBUG [apiautotest] [client.py] [send:29] - ======================================================
2026-01-08 13:17:10,312 DEBUG [apiautotest] [client.py] [send:30] - 接口url:https://test01-platform.huanxin.io:3443/api/api/admin/platform/product/category/add
2026-01-08 13:17:10,312 DEBUG [apiautotest] [client.py] [send:31] - 接口method:post
2026-01-08 13:17:10,312 DEBUG [apiautotest] [client.py] [send:32] - 接口headers:{'authori-zation': 'platformcf9ddf2c1d65497d87c682d9865f7165', 'Content-Type': 'application/json', 'origin': 'https://test01-platform.huanxin.io:3443'}
2026-01-08 13:17:10,312 DEBUG [apiautotest] [client.py] [send:33] - 接口params:None
2026-01-08 13:17:10,312 DEBUG [apiautotest] [client.py] [send:34] - 接口data:None
2026-01-08 13:17:10,312 DEBUG [apiautotest] [client.py] [send:35] - 接口json:{'icon': '', 'name': '新增分类57551', 'pid': 5311, 'sort': 0, 'type': 1, 'url': '', 'id': 0, 'extra': '', 'level': 3}
2026-01-08 13:17:10,312 DEBUG [apiautotest] [client.py] [send:36] - 接口files:None
2026-01-08 13:17:10,356 DEBUG [apiautotest] [client.py] [send:58] - 接口响应状态码:200
2026-01-08 13:17:10,356 DEBUG [apiautotest] [client.py] [send:59] - 接口响应body:{"code":200,"message":null,"data":null}
2026-01-08 13:17:10,363 DEBUG [apiautotest] [client.py] [send:29] - ======================================================
2026-01-08 13:17:10,363 DEBUG [apiautotest] [client.py] [send:30] - 接口url:https://test01-merchant.huanxin.io/api/api/admin/merchant/plat/product/brand/brand/add
2026-01-08 13:17:10,363 DEBUG [apiautotest] [client.py] [send:31] - 接口method:post
2026-01-08 13:17:10,363 DEBUG [apiautotest] [client.py] [send:32] - 接口headers:{'authori-zation': 'merchant5486e7dcc03d4a528fcfabc094976ce0', 'Content-Type': 'application/json'}
2026-01-08 13:17:10,363 DEBUG [apiautotest] [client.py] [send:33] - 接口params:None
2026-01-08 13:17:10,363 DEBUG [apiautotest] [client.py] [send:34] - 接口data:None
2026-01-08 13:17:10,363 DEBUG [apiautotest] [client.py] [send:35] - 接口json:{'sort': 0, 'icon': '', 'name': '品牌名称60839', 'categoryIdData': [5312], 'categoryIds': 5312}
2026-01-08 13:17:10,363 DEBUG [apiautotest] [client.py] [send:36] - 接口files:None
2026-01-08 13:17:10,676 DEBUG [apiautotest] [client.py] [send:58] - 接口响应状态码:200
2026-01-08 13:17:10,676 DEBUG [apiautotest] [client.py] [send:59] - 接口响应body:{"code":200,"message":null,"data":null}
2026-01-08 13:17:10,680 DEBUG [apiautotest] [client.py] [send:29] - ======================================================
2026-01-08 13:17:10,680 DEBUG [apiautotest] [client.py] [send:30] - 接口url:https://test01-platform.huanxin.io:3443/api/api/admin/platform/product/brand/add
2026-01-08 13:17:10,680 DEBUG [apiautotest] [client.py] [send:31] - 接口method:post
2026-01-08 13:17:10,680 DEBUG [apiautotest] [client.py] [send:32] - 接口headers:{'authori-zation': 'platformcf9ddf2c1d65497d87c682d9865f7165', 'Content-Type': 'application/json', 'origin': 'https://test01-platform.huanxin.io:3443'}
2026-01-08 13:17:10,680 DEBUG [apiautotest] [client.py] [send:33] - 接口params:None
2026-01-08 13:17:10,680 DEBUG [apiautotest] [client.py] [send:34] - 接口data:None
2026-01-08 13:17:10,680 DEBUG [apiautotest] [client.py] [send:35] - 接口json:{'sort': 1, 'icon': '', 'name': '新增品牌31300', 'categoryIdData': 5312, 'categoryIds': 5312}
2026-01-08 13:17:10,680 DEBUG [apiautotest] [client.py] [send:36] - 接口files:None
2026-01-08 13:17:10,738 DEBUG [apiautotest] [client.py] [send:58] - 接口响应状态码:200
2026-01-08 13:17:10,738 DEBUG [apiautotest] [client.py] [send:59] - 接口响应body:{"code":200,"message":null,"data":null}
2026-01-08 13:17:10,739 INFO [apiautotest] [json_util.py] [extract_json:54] - 通过name匹配到的结果是:['新增品牌31300']
2026-01-08 13:17:10,742 DEBUG [apiautotest] [client.py] [send:29] - ======================================================
2026-01-08 13:17:10,742 DEBUG [apiautotest] [client.py] [send:30] - 接口url:https://test01-platform.huanxin.io:3443/api/api/admin/platform/product/brand/list?page=1&limit=20&name=新增品牌31300&dateLimit=&temp=<function cur_timestamp at 0x00000199E1D99170>
2026-01-08 13:17:10,742 DEBUG [apiautotest] [client.py] [send:31] - 接口method:get
2026-01-08 13:17:10,742 DEBUG [apiautotest] [client.py] [send:32] - 接口headers:{'authori-zation': 'platformcf9ddf2c1d65497d87c682d9865f7165', 'Content-Type': 'application/json', 'origin': 'https://test01-platform.huanxin.io:3443'}
2026-01-08 13:17:10,742 DEBUG [apiautotest] [client.py] [send:33] - 接口params:None
2026-01-08 13:17:10,742 DEBUG [apiautotest] [client.py] [send:34] - 接口data:None
2026-01-08 13:17:10,742 DEBUG [apiautotest] [client.py] [send:35] - 接口json:None
2026-01-08 13:17:10,742 DEBUG [apiautotest] [client.py] [send:36] - 接口files:None
2026-01-08 13:17:10,776 DEBUG [apiautotest] [client.py] [send:58] - 接口响应状态码:200
2026-01-08 13:17:10,776 DEBUG [apiautotest] [client.py] [send:59] - 接口响应body:{"code":200,"message":null,"data":{"page":1,"limit":20,"totalPage":1,"total":1,"list":[{"id":7026,"name":"新增品牌31300","icon":"","sort":1,"isShow":true,"createTime":"2026-01-08 13:17:03","updateTime":"2026-01-08 13:17:03","merchantName":null,"status":null,"categoryIds":"5312"}]}}
2026-01-08 13:17:10,776 INFO [apiautotest] [json_util.py] [extract_json:54] - 通过$.data.list[0].id匹配到的结果是:[7026]
2026-01-08 13:17:10,779 DEBUG [apiautotest] [client.py] [send:29] - ======================================================
2026-01-08 13:17:10,779 DEBUG [apiautotest] [client.py] [send:30] - 接口url:https://test01-platform.huanxin.io:3443/api/api/admin/platform/producttag/save
2026-01-08 13:17:10,779 DEBUG [apiautotest] [client.py] [send:31] - 接口method:post
2026-01-08 13:17:10,779 DEBUG [apiautotest] [client.py] [send:32] - 接口headers:{'authori-zation': 'platformcf9ddf2c1d65497d87c682d9865f7165', 'Content-Type': 'application/json', 'origin': 'https://test01-platform.huanxin.io:3443'}
2026-01-08 13:17:10,779 DEBUG [apiautotest] [client.py] [send:33] - 接口params:None
2026-01-08 13:17:10,780 DEBUG [apiautotest] [client.py] [send:34] - 接口data:None
2026-01-08 13:17:10,780 DEBUG [apiautotest] [client.py] [send:35] - 接口json:{'tagName': 9921, 'timerange': ['2026-01-08 13:17:10', '2026-01-10 13:17:10'], 'sort': 1, 'playType': 'category', 'playProducts': 5312, 'position': 0, 'proBrandList': [5312], 'status': 1, 'tagNote': '这是说明', 'startTime': '2026-01-08 13:17:10', 'endTime': '2026-01-10 13:17:10'}
2026-01-08 13:17:10,780 DEBUG [apiautotest] [client.py] [send:36] - 接口files:None
2026-01-08 13:17:10,867 DEBUG [apiautotest] [client.py] [send:58] - 接口响应状态码:200
2026-01-08 13:17:10,867 DEBUG [apiautotest] [client.py] [send:59] - 接口响应body:{"code":400,"message":"商品标签同时开启的不得超过5条","data":null}
2026-01-08 13:17:10,871 INFO [apiautotest] [json_util.py] [extract_json:54] - 通过supplierName匹配到的结果是:['供应商1767849430']
2026-01-08 13:17:10,871 DEBUG [apiautotest] [client.py] [send:29] - ======================================================
2026-01-08 13:17:10,871 DEBUG [apiautotest] [client.py] [send:30] - 接口url:https://test01-merchant.huanxin.io/api/api/admin/merchant/supplier/add/account
2026-01-08 13:17:10,871 DEBUG [apiautotest] [client.py] [send:31] - 接口method:post
2026-01-08 13:17:10,871 DEBUG [apiautotest] [client.py] [send:32] - 接口headers:{'authori-zation': 'merchant5486e7dcc03d4a528fcfabc094976ce0', 'Content-Type': 'application/json'}
2026-01-08 13:17:10,871 DEBUG [apiautotest] [client.py] [send:33] - 接口params:None
2026-01-08 13:17:10,871 DEBUG [apiautotest] [client.py] [send:34] - 接口data:None
2026-01-08 13:17:10,871 DEBUG [apiautotest] [client.py] [send:35] - 接口json:{'bankAccount': [{'accountNumber': 1767849430, 'bankName': '21'}], 'supplierName': '供应商1767849430'}
2026-01-08 13:17:10,871 DEBUG [apiautotest] [client.py] [send:36] - 接口files:None
2026-01-08 13:17:10,982 DEBUG [apiautotest] [client.py] [send:58] - 接口响应状态码:200
2026-01-08 13:17:10,983 DEBUG [apiautotest] [client.py] [send:59] - 接口响应body:{"code":200,"message":null,"data":"供应商账号新增成功"}
2026-01-08 13:17:10,987 DEBUG [apiautotest] [client.py] [send:29] - ======================================================
2026-01-08 13:17:10,987 DEBUG [apiautotest] [client.py] [send:30] - 接口url:https://test01-merchant.huanxin.io/api/api/admin/merchant/supplier/account/list?page=1&limit=20&keyword=供应商1767849430&value=1&dateTime=&brandIds=&temp=<function cur_timestamp at 0x00000199E1D99170>
2026-01-08 13:17:10,987 DEBUG [apiautotest] [client.py] [send:31] - 接口method:get
2026-01-08 13:17:10,987 DEBUG [apiautotest] [client.py] [send:32] - 接口headers:{'authori-zation': 'merchant5486e7dcc03d4a528fcfabc094976ce0', 'Content-Type': 'application/json'}
2026-01-08 13:17:10,987 DEBUG [apiautotest] [client.py] [send:33] - 接口params:None
2026-01-08 13:17:10,987 DEBUG [apiautotest] [client.py] [send:34] - 接口data:None
2026-01-08 13:17:10,987 DEBUG [apiautotest] [client.py] [send:35] - 接口json:None
2026-01-08 13:17:10,987 DEBUG [apiautotest] [client.py] [send:36] - 接口files:None
2026-01-08 13:17:11,148 DEBUG [apiautotest] [client.py] [send:58] - 接口响应状态码:200
2026-01-08 13:17:11,149 DEBUG [apiautotest] [client.py] [send:59] - 接口响应body:{"code":200,"message":null,"data":{"page":1,"limit":20,"totalPage":1,"total":1,"list":[{"supplierId":5233,"supplierName":"供应商1767849430","regionName":null,"bankAccount":[{"supplierId":2429,"accountNumber":"1767849430","bankName":"21"}],"isDel":null,"createTime":"2026-01-08 13:17:04"}]}}
2026-01-08 13:17:11,149 INFO [apiautotest] [json_util.py] [extract_json:54] - 通过data.list[0].supplierId匹配到的结果是:[5233]
2026-01-08 13:17:11,152 DEBUG [apiautotest] [client.py] [send:29] - ======================================================
2026-01-08 13:17:11,152 DEBUG [apiautotest] [client.py] [send:30] - 接口url:https://test01-merchant.huanxin.io/api/api/admin/merchant/supplier/brand/add
2026-01-08 13:17:11,152 DEBUG [apiautotest] [client.py] [send:31] - 接口method:post
2026-01-08 13:17:11,152 DEBUG [apiautotest] [client.py] [send:32] - 接口headers:{'authori-zation': 'merchant5486e7dcc03d4a528fcfabc094976ce0', 'Content-Type': 'application/json'}
2026-01-08 13:17:11,152 DEBUG [apiautotest] [client.py] [send:33] - 接口params:None
2026-01-08 13:17:11,152 DEBUG [apiautotest] [client.py] [send:34] - 接口data:None
2026-01-08 13:17:11,152 DEBUG [apiautotest] [client.py] [send:35] - 接口json:{'town': '', 'village': '', 'name': '', 'phone': '', 'work': '', 'city': '', 'district': '', 'province': '', 'supplierName': '', 'cityCode': 0, 'townCode': 0, 'districtCode': 0, 'provinceCode': 0, 'userId': '', 'brandIds': [7026], 'regionId': '', 'categoryId': 0, 'flag': None, 'supplierId': 5233}
2026-01-08 13:17:11,152 DEBUG [apiautotest] [client.py] [send:36] - 接口files:None
2026-01-08 13:17:11,182 DEBUG [apiautotest] [client.py] [send:58] - 接口响应状态码:200
2026-01-08 13:17:11,182 DEBUG [apiautotest] [client.py] [send:59] - 接口响应body:{"code":200,"message":null,"data":"供应商品牌新增成功"}
2026-01-08 13:17:11,186 DEBUG [apiautotest] [client.py] [send:29] - ======================================================
2026-01-08 13:17:11,186 DEBUG [apiautotest] [client.py] [send:30] - 接口url:https://test01-platform.huanxin.io:3443/api/api/admin/platform/product/category/add/attribute
2026-01-08 13:17:11,186 DEBUG [apiautotest] [client.py] [send:31] - 接口method:post
2026-01-08 13:17:11,186 DEBUG [apiautotest] [client.py] [send:32] - 接口headers:{'authori-zation': 'platformcf9ddf2c1d65497d87c682d9865f7165', 'Content-Type': 'application/json', 'origin': 'https://test01-platform.huanxin.io:3443'}
2026-01-08 13:17:11,186 DEBUG [apiautotest] [client.py] [send:33] - 接口params:None
2026-01-08 13:17:11,186 DEBUG [apiautotest] [client.py] [send:34] - 接口data:None
2026-01-08 13:17:11,186 DEBUG [apiautotest] [client.py] [send:35] - 接口json:{'categoryId': 5312, 'mainList': [{'attributeType': 'UN_TEXT', 'attributeTitle': '主要属性标题82291', 'isRequired': False, 'charLimit': 10}], 'secondList': [{'attributeType': 'UN_TEXT', 'attributeTitle': '次要属性标题38459', 'isRequired': False, 'charLimit': 10}]}
2026-01-08 13:17:11,186 DEBUG [apiautotest] [client.py] [send:36] - 接口files:None
2026-01-08 13:17:11,244 DEBUG [apiautotest] [client.py] [send:58] - 接口响应状态码:200
2026-01-08 13:17:11,244 DEBUG [apiautotest] [client.py] [send:59] - 接口响应body:{"code":200,"message":null,"data":true}
2026-01-08 13:17:11,248 DEBUG [apiautotest] [client.py] [send:29] - ======================================================
2026-01-08 13:17:11,248 DEBUG [apiautotest] [client.py] [send:30] - 接口url:https://test01-platform.huanxin.io:3443/api/api/admin/platform/product/category/select/attribute/list?categoryId=5312
2026-01-08 13:17:11,248 DEBUG [apiautotest] [client.py] [send:31] - 接口method:get
2026-01-08 13:17:11,248 DEBUG [apiautotest] [client.py] [send:32] - 接口headers:{'authori-zation': 'platformcf9ddf2c1d65497d87c682d9865f7165', 'Content-Type': 'application/json', 'origin': 'https://test01-platform.huanxin.io:3443'}
2026-01-08 13:17:11,248 DEBUG [apiautotest] [client.py] [send:33] - 接口params:None
2026-01-08 13:17:11,248 DEBUG [apiautotest] [client.py] [send:34] - 接口data:None
2026-01-08 13:17:11,248 DEBUG [apiautotest] [client.py] [send:35] - 接口json:None
2026-01-08 13:17:11,248 DEBUG [apiautotest] [client.py] [send:36] - 接口files:None
2026-01-08 13:17:11,270 DEBUG [apiautotest] [client.py] [send:58] - 接口响应状态码:200
2026-01-08 13:17:11,270 DEBUG [apiautotest] [client.py] [send:59] - 接口响应body:{"code":200,"message":null,"data":[{"id":"2009132223042203650","categoryId":5312,"categoryCode":"J6P8","attributeTitle":"主要属性标题82291","attributeType":"UN_TEXT","isRequired":false,"charLimit":10,"other":null,"levelType":1,"sort":0,"createUserId":1,"createTime":"2026-01-08T13:17:04","updateUserId":1,"updateTime":"2026-01-08T13:17:04","delFlag":false},{"id":"2009132223058980866","categoryId":5312,"categoryCode":"J6P8","attributeTitle":"次要属性标题38459","attributeType":"UN_TEXT","isRequired":false,"charLimit":10,"other":null,"levelType":2,"sort":0,"createUserId":1,"createTime":"2026-01-08T13:17:04","updateUserId":1,"updateTime":"2026-01-08T13:17:04","delFlag":false}]}
2026-01-08 13:17:11,273 DEBUG [apiautotest] [client.py] [send:29] - ======================================================
2026-01-08 13:17:11,273 DEBUG [apiautotest] [client.py] [send:30] - 接口url:https://test01-merchant.huanxin.io/api/api/admin/merchant/product/save
2026-01-08 13:17:11,273 DEBUG [apiautotest] [client.py] [send:31] - 接口method:post
2026-01-08 13:17:11,274 DEBUG [apiautotest] [client.py] [send:32] - 接口headers:{'authori-zation': 'merchant5486e7dcc03d4a528fcfabc094976ce0', 'Content-Type': 'application/json'}
2026-01-08 13:17:11,274 DEBUG [apiautotest] [client.py] [send:33] - 接口params:None
2026-01-08 13:17:11,274 DEBUG [apiautotest] [client.py] [send:34] - 接口data:None
2026-01-08 13:17:11,274 DEBUG [apiautotest] [client.py] [send:35] - 接口json:{'name': '商品10803', 'type': 0, 'categoryId': 5312, 'brandId': 7026, 'cateId': 1139, 'labelIds': [1], 'supplierId': 5233, 'attrMap': {'2009132223042203650': {'attrId': '2009132223042203650', 'attrName': '属性标题', 'attrValue': '123'}, '2009132223058980866': {'attrId': '2009132223058980866', 'attrName': '次要标题', 'attrValue': '123'}}, 'isGroup': 0, 'storeModel': '123', 'unitName': '123', 'isPromoteCommission': True, 'sort': 1, 'tableShow': 1, 'intro': '123', 'keyword': '123', 'deliveryType': 1, 'tempId': 1989, 'guaranteeIds': 286, 'image': 'https://ceph.huanxin.io:7580/crmebimage/public/product/2026/01/06/89c8d307e3af4a94bf8ca6c2216b9a31wplsappkda.jpg', 'sliderImage': '["https://ceph.huanxin.io:7580/crmebimage/public/product/2026/01/06/82b610ede0814afdbfb6002010efd6964dly81t7kz.png"]', 'specType': False, 'attrValue': [{'price': 123, 'otPrice': 11, 'cost': 2, 'quota': 5, 'stock': 111, 'volume': 1, 'weight': 1, 'fullCode': '123', 'barCode': '123', 'attrValue': '{"规格":"默认"}'}], 'attr': [{'attrName': '规格', 'attrValues': '默认'}], 'pickType': 'selfDelivery'}
2026-01-08 13:17:11,274 DEBUG [apiautotest] [client.py] [send:36] - 接口files:None
2026-01-08 13:17:12,399 DEBUG [apiautotest] [client.py] [send:58] - 接口响应状态码:200
2026-01-08 13:17:12,399 DEBUG [apiautotest] [client.py] [send:59] - 接口响应body:{"code":200,"message":null,"data":null}
2026-01-08 13:17:12,635 DEBUG [apiautotest] [client.py] [send:29] - ======================================================
2026-01-08 13:17:12,635 DEBUG [apiautotest] [client.py] [send:30] - 接口url:https://test01-merchant.huanxin.io/api/api/admin/merchant/product/up/143822
2026-01-08 13:17:12,635 DEBUG [apiautotest] [client.py] [send:31] - 接口method:post
2026-01-08 13:17:12,636 DEBUG [apiautotest] [client.py] [send:32] - 接口headers:{'authori-zation': 'merchant5486e7dcc03d4a528fcfabc094976ce0', 'Content-Type': 'application/json'}
2026-01-08 13:17:12,636 DEBUG [apiautotest] [client.py] [send:33] - 接口params:None
2026-01-08 13:17:12,636 DEBUG [apiautotest] [client.py] [send:34] - 接口data:None
2026-01-08 13:17:12,636 DEBUG [apiautotest] [client.py] [send:35] - 接口json:None
2026-01-08 13:17:12,636 DEBUG [apiautotest] [client.py] [send:36] - 接口files:None
2026-01-08 13:17:12,791 DEBUG [apiautotest] [client.py] [send:58] - 接口响应状态码:200
2026-01-08 13:17:12,791 DEBUG [apiautotest] [client.py] [send:59] - 接口响应body:{"code":200,"message":null,"data":null}
2026-01-08 13:17:12,795 DEBUG [apiautotest] [client.py] [send:29] - ======================================================
2026-01-08 13:17:12,795 DEBUG [apiautotest] [client.py] [send:30] - 接口url:https://test01-platform.huanxin.io:3443/api/api/admin/platform/coupon/add
2026-01-08 13:17:12,795 DEBUG [apiautotest] [client.py] [send:31] - 接口method:post
2026-01-08 13:17:12,796 DEBUG [apiautotest] [client.py] [send:32] - 接口headers:{'authori-zation': 'platformcf9ddf2c1d65497d87c682d9865f7165', 'Content-Type': 'application/json', 'origin': 'https://test01-platform.huanxin.io:3443'}
2026-01-08 13:17:12,796 DEBUG [apiautotest] [client.py] [send:33] - 接口params:None
2026-01-08 13:17:12,796 DEBUG [apiautotest] [client.py] [send:34] - 接口data:None
2026-01-08 13:17:12,796 DEBUG [apiautotest] [client.py] [send:35] - 接口json:{'ratio': '11', 'useGoods': 1, 'id': '', 'provinces': [], 'cities': [], 'districts': [], 'name': '测试补贴券6660', 'category': 7, 'money': 1, 'minPrice': 0, 'receiveType': 1, 'subsidyType': 0, 'isSuperposition': False, 'subsidyManner': 0, 'isTimeReceive': True, 'receiveStartTime': '2026-01-08 13:17:12', 'receiveEndTime': '2026-01-10 13:17:12', 'isFixedTime': True, 'day': 1, 'useStartTime': '2026-01-08 13:17:12', 'useEndTime': '2026-01-10 13:17:12', 'isLimited': False, 'total': 1, 'num': 1, 'isRepeated': False, 'linkedData': None, 'status': True, 'isAutoReceive': True, 'validityTime': ['2026-01-08 13:17:12', '2026-01-10 13:17:12'], 'collectionTime': ['2026-01-08 13:17:12', '2026-01-10 13:17:12'], 'regionIds': [], 'lastTotal': '', 'cid': '', 'groupNames': ['这个是组名'], 'topTypeId': '', 'warningType': '', 'activityRegulations': [{'title': '', 'content': '这个是内容', 'headline': '这个是活动细'}], 'useRegistrations': [{'title': '', 'content': '这个是使用须知内容', 'headline': '这个是使用须'}], 'sameProductMaxAmount': 2000, 'singleProductMaxAmount': 2000, 'categoryIds': [5312]}
2026-01-08 13:17:12,796 DEBUG [apiautotest] [client.py] [send:36] - 接口files:None
2026-01-08 13:17:13,298 DEBUG [apiautotest] [client.py] [send:58] - 接口响应状态码:200
2026-01-08 13:17:13,298 DEBUG [apiautotest] [client.py] [send:59] - 接口响应body:{"code":200,"message":null,"data":"添加优惠券成功"}
2026-01-08 13:17:13,305 DEBUG [apiautotest] [client.py] [send:29] - ======================================================
2026-01-08 13:17:13,305 DEBUG [apiautotest] [client.py] [send:30] - 接口url:https://test01-platform.huanxin.io:3443/api/api/admin/platform/coupon/delete
2026-01-08 13:17:13,305 DEBUG [apiautotest] [client.py] [send:31] - 接口method:post
2026-01-08 13:17:13,305 DEBUG [apiautotest] [client.py] [send:32] - 接口headers:{'authori-zation': 'platformcf9ddf2c1d65497d87c682d9865f7165', 'Content-Type': 'application/json', 'origin': 'https://test01-platform.huanxin.io:3443'}
2026-01-08 13:17:13,305 DEBUG [apiautotest] [client.py] [send:33] - 接口params:None
2026-01-08 13:17:13,305 DEBUG [apiautotest] [client.py] [send:34] - 接口data:None
2026-01-08 13:17:13,305 DEBUG [apiautotest] [client.py] [send:35] - 接口json:{'id': 4271, 'loseEfficacyStatus': 1}
2026-01-08 13:17:13,305 DEBUG [apiautotest] [client.py] [send:36] - 接口files:None
2026-01-08 13:17:13,770 DEBUG [apiautotest] [client.py] [send:58] - 接口响应状态码:200
2026-01-08 13:17:13,770 DEBUG [apiautotest] [client.py] [send:59] - 接口响应body:{"code":200,"message":null,"data":"删除优惠券成功"}
2026-01-08 13:17:13,782 DEBUG [apiautotest] [client.py] [send:29] - ======================================================
2026-01-08 13:17:13,782 DEBUG [apiautotest] [client.py] [send:30] - 接口url:https://test01-merchant.huanxin.io/api/api/admin/merchant/product/delete
2026-01-08 13:17:13,782 DEBUG [apiautotest] [client.py] [send:31] - 接口method:post
2026-01-08 13:17:13,782 DEBUG [apiautotest] [client.py] [send:32] - 接口headers:{'authori-zation': 'merchant5486e7dcc03d4a528fcfabc094976ce0', 'Content-Type': 'application/json'}
2026-01-08 13:17:13,782 DEBUG [apiautotest] [client.py] [send:33] - 接口params:None
2026-01-08 13:17:13,782 DEBUG [apiautotest] [client.py] [send:34] - 接口data:None
2026-01-08 13:17:13,782 DEBUG [apiautotest] [client.py] [send:35] - 接口json:{'id': 143822, 'type': 'delete'}
2026-01-08 13:17:13,782 DEBUG [apiautotest] [client.py] [send:36] - 接口files:None
2026-01-08 13:17:14,299 DEBUG [apiautotest] [client.py] [send:58] - 接口响应状态码:200
2026-01-08 13:17:14,299 DEBUG [apiautotest] [client.py] [send:59] - 接口响应body:{"code":200,"message":null,"data":null}
2026-01-08 13:17:14,302 DEBUG [apiautotest] [client.py] [send:29] - ======================================================
2026-01-08 13:17:14,302 DEBUG [apiautotest] [client.py] [send:30] - 接口url:https://test01-platform.huanxin.io:3443/api/api/admin/platform/product/brand/delete/7026
2026-01-08 13:17:14,302 DEBUG [apiautotest] [client.py] [send:31] - 接口method:post
2026-01-08 13:17:14,303 DEBUG [apiautotest] [client.py] [send:32] - 接口headers:{'authori-zation': 'platformcf9ddf2c1d65497d87c682d9865f7165', 'Content-Type': 'application/json', 'origin': 'https://test01-platform.huanxin.io:3443'}
2026-01-08 13:17:14,303 DEBUG [apiautotest] [client.py] [send:33] - 接口params:None
2026-01-08 13:17:14,303 DEBUG [apiautotest] [client.py] [send:34] - 接口data:None
2026-01-08 13:17:14,303 DEBUG [apiautotest] [client.py] [send:35] - 接口json:None
2026-01-08 13:17:14,303 DEBUG [apiautotest] [client.py] [send:36] - 接口files:None
2026-01-08 13:17:14,548 DEBUG [apiautotest] [client.py] [send:58] - 接口响应状态码:200
2026-01-08 13:17:14,549 DEBUG [apiautotest] [client.py] [send:59] - 接口响应body:{"code":200,"message":null,"data":null}
2026-01-08 13:17:19,553 DEBUG [apiautotest] [client.py] [send:29] - ======================================================
2026-01-08 13:17:19,553 DEBUG [apiautotest] [client.py] [send:30] - 接口url:https://test01-platform.huanxin.io:3443/api/api/admin/platform/product/category/delete/5312
2026-01-08 13:17:19,554 DEBUG [apiautotest] [client.py] [send:31] - 接口method:post
2026-01-08 13:17:19,554 DEBUG [apiautotest] [client.py] [send:32] - 接口headers:{'authori-zation': 'platformcf9ddf2c1d65497d87c682d9865f7165', 'Content-Type': 'application/json', 'origin': 'https://test01-platform.huanxin.io:3443'}
2026-01-08 13:17:19,554 DEBUG [apiautotest] [client.py] [send:33] - 接口params:None
2026-01-08 13:17:19,554 DEBUG [apiautotest] [client.py] [send:34] - 接口data:None
2026-01-08 13:17:19,554 DEBUG [apiautotest] [client.py] [send:35] - 接口json:None
2026-01-08 13:17:19,554 DEBUG [apiautotest] [client.py] [send:36] - 接口files:None
2026-01-08 13:17:20,280 DEBUG [apiautotest] [client.py] [send:58] - 接口响应状态码:200
2026-01-08 13:17:20,281 DEBUG [apiautotest] [client.py] [send:59] - 接口响应body:{"code":6202,"message":"有品牌关联该分类，无法删除","data":null}
